<?xml version="1.0" encoding="UTF-8"?>
<testsuite xmlns:xsi="http://www.w3.org/2001/XMLSchema-instance" xsi:noNamespaceSchemaLocation="https://maven.apache.org/surefire/maven-surefire-plugin/xsd/surefire-test-report-3.0.xsd" version="3.0" name="cucumber.Options.TestRunnerUI" time="16.399" tests="1" errors="0" skipped="0" failures="0">
  <properties>
    <property name="gopherProxySet" value="false"/>
    <property name="awt.toolkit" value="sun.lwawt.macosx.LWCToolkit"/>
    <property name="java.specification.version" value="1.8"/>
    <property name="file.encoding.pkg" value="sun.io"/>
    <property name="webdriver.chrome.driver" value="/Users/mayanktiwari/Documents/sprite-cloud/libs/chromedriver"/>
    <property name="sun.cpu.isalist" value=""/>
    <property name="sun.jnu.encoding" value="UTF-8"/>
    <property name="java.class.path" value="/Users/mayanktiwari/Documents/sprite-cloud/target/test-classes:/Users/mayanktiwari/Documents/sprite-cloud/target/classes:/Users/mayanktiwari/.m2/repository/org/junit/vintage/junit-vintage-engine/5.9.1/junit-vintage-engine-5.9.1.jar:/Users/mayanktiwari/.m2/repository/org/junit/platform/junit-platform-engine/1.9.1/junit-platform-engine-1.9.1.jar:/Users/mayanktiwari/.m2/repository/junit/junit/4.13.2/junit-4.13.2.jar:/Users/mayanktiwari/.m2/repository/org/apiguardian/apiguardian-api/1.1.2/apiguardian-api-1.1.2.jar:/Users/mayanktiwari/.m2/repository/org/junit/jupiter/junit-jupiter-api/5.8.2/junit-jupiter-api-5.8.2.jar:/Users/mayanktiwari/.m2/repository/org/opentest4j/opentest4j/1.2.0/opentest4j-1.2.0.jar:/Users/mayanktiwari/.m2/repository/org/junit/platform/junit-platform-commons/1.8.2/junit-platform-commons-1.8.2.jar:/Users/mayanktiwari/.m2/repository/org/junit/jupiter/junit-jupiter-engine/5.8.2/junit-jupiter-engine-5.8.2.jar:/Users/mayanktiwari/.m2/repository/io/cucumber/cucumber-java/6.9.1/cucumber-java-6.9.1.jar:/Users/mayanktiwari/.m2/repository/io/cucumber/cucumber-core/6.9.1/cucumber-core-6.9.1.jar:/Users/mayanktiwari/.m2/repository/io/cucumber/cucumber-gherkin/6.9.1/cucumber-gherkin-6.9.1.jar:/Users/mayanktiwari/.m2/repository/io/cucumber/cucumber-gherkin-messages/6.9.1/cucumber-gherkin-messages-6.9.1.jar:/Users/mayanktiwari/.m2/repository/io/cucumber/messages/13.2.1/messages-13.2.1.jar:/Users/mayanktiwari/.m2/repository/io/cucumber/tag-expressions/3.0.0/tag-expressions-3.0.0.jar:/Users/mayanktiwari/.m2/repository/io/cucumber/cucumber-expressions/10.3.0/cucumber-expressions-10.3.0.jar:/Users/mayanktiwari/.m2/repository/io/cucumber/datatable/3.5.0/datatable-3.5.0.jar:/Users/mayanktiwari/.m2/repository/io/cucumber/cucumber-plugin/6.9.1/cucumber-plugin-6.9.1.jar:/Users/mayanktiwari/.m2/repository/io/cucumber/docstring/6.9.1/docstring-6.9.1.jar:/Users/mayanktiwari/.m2/repository/io/cucumber/html-formatter/9.0.0/html-formatter-9.0.0.jar:/Users/mayanktiwari/.m2/repository/io/cucumber/create-meta/2.0.4/create-meta-2.0.4.jar:/Users/mayanktiwari/.m2/repository/io/cucumber/cucumber-junit/6.9.1/cucumber-junit-6.9.1.jar:/Users/mayanktiwari/.m2/repository/io/rest-assured/rest-assured/4.5.1/rest-assured-4.5.1.jar:/Users/mayanktiwari/.m2/repository/org/codehaus/groovy/groovy/3.0.9/groovy-3.0.9.jar:/Users/mayanktiwari/.m2/repository/org/codehaus/groovy/groovy-xml/3.0.9/groovy-xml-3.0.9.jar:/Users/mayanktiwari/.m2/repository/org/apache/httpcomponents/httpclient/4.5.13/httpclient-4.5.13.jar:/Users/mayanktiwari/.m2/repository/org/apache/httpcomponents/httpmime/4.5.13/httpmime-4.5.13.jar:/Users/mayanktiwari/.m2/repository/org/hamcrest/hamcrest/2.1/hamcrest-2.1.jar:/Users/mayanktiwari/.m2/repository/org/ccil/cowan/tagsoup/tagsoup/1.2.1/tagsoup-1.2.1.jar:/Users/mayanktiwari/.m2/repository/io/rest-assured/xml-path/4.5.1/xml-path-4.5.1.jar:/Users/mayanktiwari/.m2/repository/io/rest-assured/json-path/4.5.0/json-path-4.5.0.jar:/Users/mayanktiwari/.m2/repository/org/codehaus/groovy/groovy-json/3.0.9/groovy-json-3.0.9.jar:/Users/mayanktiwari/.m2/repository/io/rest-assured/rest-assured-common/4.5.0/rest-assured-common-4.5.0.jar:/Users/mayanktiwari/.m2/repository/org/json/json/20220924/json-20220924.jar:/Users/mayanktiwari/.m2/repository/com/google/code/gson/gson/2.10/gson-2.10.jar:/Users/mayanktiwari/.m2/repository/org/testng/testng/7.1.0/testng-7.1.0.jar:/Users/mayanktiwari/.m2/repository/com/beust/jcommander/1.72/jcommander-1.72.jar:/Users/mayanktiwari/.m2/repository/com/google/inject/guice/4.1.0/guice-4.1.0-no_aop.jar:/Users/mayanktiwari/.m2/repository/javax/inject/javax.inject/1/javax.inject-1.jar:/Users/mayanktiwari/.m2/repository/aopalliance/aopalliance/1.0/aopalliance-1.0.jar:/Users/mayanktiwari/.m2/repository/org/yaml/snakeyaml/1.21/snakeyaml-1.21.jar:/Users/mayanktiwari/.m2/repository/com/fasterxml/jackson/core/jackson-annotations/2.15.2/jackson-annotations-2.15.2.jar:/Users/mayanktiwari/.m2/repository/org/seleniumhq/selenium/selenium-java/3.5.3/selenium-java-3.5.3.jar:/Users/mayanktiwari/.m2/repository/org/seleniumhq/selenium/selenium-api/3.5.3/selenium-api-3.5.3.jar:/Users/mayanktiwari/.m2/repository/org/seleniumhq/selenium/selenium-chrome-driver/3.5.3/selenium-chrome-driver-3.5.3.jar:/Users/mayanktiwari/.m2/repository/org/seleniumhq/selenium/selenium-edge-driver/3.5.3/selenium-edge-driver-3.5.3.jar:/Users/mayanktiwari/.m2/repository/org/seleniumhq/selenium/selenium-firefox-driver/3.5.3/selenium-firefox-driver-3.5.3.jar:/Users/mayanktiwari/.m2/repository/org/seleniumhq/selenium/selenium-ie-driver/3.5.3/selenium-ie-driver-3.5.3.jar:/Users/mayanktiwari/.m2/repository/org/seleniumhq/selenium/selenium-opera-driver/3.5.3/selenium-opera-driver-3.5.3.jar:/Users/mayanktiwari/.m2/repository/org/seleniumhq/selenium/selenium-remote-driver/3.5.3/selenium-remote-driver-3.5.3.jar:/Users/mayanktiwari/.m2/repository/org/seleniumhq/selenium/selenium-safari-driver/3.5.3/selenium-safari-driver-3.5.3.jar:/Users/mayanktiwari/.m2/repository/org/seleniumhq/selenium/selenium-support/3.5.3/selenium-support-3.5.3.jar:/Users/mayanktiwari/.m2/repository/cglib/cglib-nodep/3.2.4/cglib-nodep-3.2.4.jar:/Users/mayanktiwari/.m2/repository/org/apache/commons/commons-exec/1.3/commons-exec-1.3.jar:/Users/mayanktiwari/.m2/repository/org/apache/commons/commons-lang3/3.5/commons-lang3-3.5.jar:/Users/mayanktiwari/.m2/repository/commons-codec/commons-codec/1.10/commons-codec-1.10.jar:/Users/mayanktiwari/.m2/repository/commons-io/commons-io/2.5/commons-io-2.5.jar:/Users/mayanktiwari/.m2/repository/commons-logging/commons-logging/1.2/commons-logging-1.2.jar:/Users/mayanktiwari/.m2/repository/org/w3c/css/sac/1.3/sac-1.3.jar:/Users/mayanktiwari/.m2/repository/net/sourceforge/cssparser/cssparser/0.9.23/cssparser-0.9.23.jar:/Users/mayanktiwari/.m2/repository/com/google/guava/guava/23.0/guava-23.0.jar:/Users/mayanktiwari/.m2/repository/com/google/code/findbugs/jsr305/1.3.9/jsr305-1.3.9.jar:/Users/mayanktiwari/.m2/repository/com/google/errorprone/error_prone_annotations/2.0.18/error_prone_annotations-2.0.18.jar:/Users/mayanktiwari/.m2/repository/com/google/j2objc/j2objc-annotations/1.1/j2objc-annotations-1.1.jar:/Users/mayanktiwari/.m2/repository/org/codehaus/mojo/animal-sniffer-annotations/1.14/animal-sniffer-annotations-1.14.jar:/Users/mayanktiwari/.m2/repository/org/hamcrest/hamcrest-core/1.3/hamcrest-core-1.3.jar:/Users/mayanktiwari/.m2/repository/net/sourceforge/htmlunit/htmlunit/2.27/htmlunit-2.27.jar:/Users/mayanktiwari/.m2/repository/net/sourceforge/htmlunit/htmlunit-core-js/2.27/htmlunit-core-js-2.27.jar:/Users/mayanktiwari/.m2/repository/net/sourceforge/htmlunit/neko-htmlunit/2.27/neko-htmlunit-2.27.jar:/Users/mayanktiwari/.m2/repository/org/apache/httpcomponents/httpcore/4.4.6/httpcore-4.4.6.jar:/Users/mayanktiwari/.m2/repository/org/eclipse/jetty/jetty-client/9.4.5.v20170502/jetty-client-9.4.5.v20170502.jar:/Users/mayanktiwari/.m2/repository/org/eclipse/jetty/jetty-http/9.4.5.v20170502/jetty-http-9.4.5.v20170502.jar:/Users/mayanktiwari/.m2/repository/org/eclipse/jetty/jetty-io/9.4.5.v20170502/jetty-io-9.4.5.v20170502.jar:/Users/mayanktiwari/.m2/repository/org/eclipse/jetty/jetty-util/9.4.5.v20170502/jetty-util-9.4.5.v20170502.jar:/Users/mayanktiwari/.m2/repository/net/java/dev/jna/jna/4.1.0/jna-4.1.0.jar:/Users/mayanktiwari/.m2/repository/net/java/dev/jna/jna-platform/4.1.0/jna-platform-4.1.0.jar:/Users/mayanktiwari/.m2/repository/com/codeborne/phantomjsdriver/1.4.0/phantomjsdriver-1.4.0.jar:/Users/mayanktiwari/.m2/repository/org/seleniumhq/selenium/htmlunit-driver/2.27/htmlunit-driver-2.27.jar:/Users/mayanktiwari/.m2/repository/javax/servlet/javax.servlet-api/3.1.0/javax.servlet-api-3.1.0.jar:/Users/mayanktiwari/.m2/repository/org/eclipse/jetty/websocket/websocket-api/9.4.5.v20170502/websocket-api-9.4.5.v20170502.jar:/Users/mayanktiwari/.m2/repository/org/eclipse/jetty/websocket/websocket-client/9.4.5.v20170502/websocket-client-9.4.5.v20170502.jar:/Users/mayanktiwari/.m2/repository/org/eclipse/jetty/websocket/websocket-common/9.4.5.v20170502/websocket-common-9.4.5.v20170502.jar:/Users/mayanktiwari/.m2/repository/xalan/serializer/2.7.2/serializer-2.7.2.jar:/Users/mayanktiwari/.m2/repository/xalan/xalan/2.7.2/xalan-2.7.2.jar:/Users/mayanktiwari/.m2/repository/xerces/xercesImpl/2.11.0/xercesImpl-2.11.0.jar:/Users/mayanktiwari/.m2/repository/xml-apis/xml-apis/1.4.01/xml-apis-1.4.01.jar:/Users/mayanktiwari/.m2/repository/io/github/bonigarcia/webdrivermanager/5.1.0/webdrivermanager-5.1.0.jar:/Users/mayanktiwari/.m2/repository/org/slf4j/slf4j-api/1.7.36/slf4j-api-1.7.36.jar:/Users/mayanktiwari/.m2/repository/com/github/docker-java/docker-java/3.2.13/docker-java-3.2.13.jar:/Users/mayanktiwari/.m2/repository/com/github/docker-java/docker-java-core/3.2.13/docker-java-core-3.2.13.jar:/Users/mayanktiwari/.m2/repository/com/github/docker-java/docker-java-api/3.2.13/docker-java-api-3.2.13.jar:/Users/mayanktiwari/.m2/repository/org/apache/commons/commons-compress/1.21/commons-compress-1.21.jar:/Users/mayanktiwari/.m2/repository/org/slf4j/jcl-over-slf4j/1.7.30/jcl-over-slf4j-1.7.30.jar:/Users/mayanktiwari/.m2/repository/com/github/docker-java/docker-java-transport-httpclient5/3.2.13/docker-java-transport-httpclient5-3.2.13.jar:/Users/mayanktiwari/.m2/repository/com/github/docker-java/docker-java-transport/3.2.13/docker-java-transport-3.2.13.jar:/Users/mayanktiwari/.m2/repository/org/apache/httpcomponents/client5/httpclient5/5.0.3/httpclient5-5.0.3.jar:/Users/mayanktiwari/.m2/repository/org/apache/httpcomponents/core5/httpcore5/5.0.2/httpcore5-5.0.2.jar:/Users/mayanktiwari/.m2/repository/org/brotli/dec/0.1.2/dec-0.1.2.jar:/Users/mayanktiwari/.m2/repository/jline/jline/2.11/jline-2.11.jar:/Users/mayanktiwari/.m2/repository/net/thucydides/thucydides-core/0.9.275/thucydides-core-0.9.275.jar:/Users/mayanktiwari/.m2/repository/com/fasterxml/jackson/core/jackson-core/2.4.3/jackson-core-2.4.3.jar:/Users/mayanktiwari/.m2/repository/com/fasterxml/jackson/core/jackson-databind/2.4.3/jackson-databind-2.4.3.jar:/Users/mayanktiwari/.m2/repository/com/fasterxml/jackson/datatype/jackson-datatype-joda/2.4.3/jackson-datatype-joda-2.4.3.jar:/Users/mayanktiwari/.m2/repository/com/fasterxml/jackson/datatype/jackson-datatype-guava/2.4.3/jackson-datatype-guava-2.4.3.jar:/Users/mayanktiwari/.m2/repository/cglib/cglib/2.2.2/cglib-2.2.2.jar:/Users/mayanktiwari/.m2/repository/com/opera/operadriver/1.4/operadriver-1.4.jar:/Users/mayanktiwari/.m2/repository/com/opera/operalaunchers/1.1/operalaunchers-1.1.jar:/Users/mayanktiwari/.m2/repository/com/google/protobuf/protobuf-java/2.4.1/protobuf-java-2.4.1.jar:/Users/mayanktiwari/.m2/repository/commons-jxpath/commons-jxpath/1.3/commons-jxpath-1.3.jar:/Users/mayanktiwari/.m2/repository/org/ini4j/ini4j/0.5.2/ini4j-0.5.2.jar:/Users/mayanktiwari/.m2/repository/org/seleniumhq/selenium/selenium-server/2.43.1/selenium-server-2.43.1.jar:/Users/mayanktiwari/.m2/repository/org/bouncycastle/bcprov-jdk15on/1.48/bcprov-jdk15on-1.48.jar:/Users/mayanktiwari/.m2/repository/org/bouncycastle/bcpkix-jdk15on/1.48/bcpkix-jdk15on-1.48.jar:/Users/mayanktiwari/.m2/repository/mx4j/mx4j-tools/3.0.1/mx4j-tools-3.0.1.jar:/Users/mayanktiwari/.m2/repository/org/mortbay/jetty/servlet-api-2.5/6.1.9/servlet-api-2.5-6.1.9.jar:/Users/mayanktiwari/.m2/repository/org/seleniumhq/selenium/jetty-repacked/7.6.1/jetty-repacked-7.6.1.jar:/Users/mayanktiwari/.m2/repository/org/seleniumhq/selenium/jetty-rc-repacked/5/jetty-rc-repacked-5.jar:/Users/mayanktiwari/.m2/repository/net/jcip/jcip-annotations/1.0/jcip-annotations-1.0.jar:/Users/mayanktiwari/.m2/repository/com/github/detro/ghostdriver/phantomjsdriver/1.1.0/phantomjsdriver-1.1.0.jar:/Users/mayanktiwari/.m2/repository/org/hamcrest/hamcrest-integration/1.3/hamcrest-integration-1.3.jar:/Users/mayanktiwari/.m2/repository/org/hamcrest/hamcrest-library/1.3/hamcrest-library-1.3.jar:/Users/mayanktiwari/.m2/repository/net/sf/opencsv/opencsv/2.0/opencsv-2.0.jar:/Users/mayanktiwari/.m2/repository/commons-beanutils/commons-beanutils-core/1.8.3/commons-beanutils-core-1.8.3.jar:/Users/mayanktiwari/.m2/repository/com/googlecode/lambdaj/lambdaj/2.3.3/lambdaj-2.3.3.jar:/Users/mayanktiwari/.m2/repository/org/objenesis/objenesis/1.2/objenesis-1.2.jar:/Users/mayanktiwari/.m2/repository/joda-time/joda-time/2.0/joda-time-2.0.jar:/Users/mayanktiwari/.m2/repository/com/thoughtworks/xstream/xstream/1.4.1/xstream-1.4.1.jar:/Users/mayanktiwari/.m2/repository/xmlpull/xmlpull/1.1.3.1/xmlpull-1.1.3.1.jar:/Users/mayanktiwari/.m2/repository/xpp3/xpp3_min/1.1.4c/xpp3_min-1.1.4c.jar:/Users/mayanktiwari/.m2/repository/net/thucydides/thucydides-report-resources/0.9.275/thucydides-report-resources-0.9.275.jar:/Users/mayanktiwari/.m2/repository/net/sf/flexjson/flexjson/2.1/flexjson-2.1.jar:/Users/mayanktiwari/.m2/repository/net/sourceforge/jexcelapi/jxl/2.6.12/jxl-2.6.12.jar:/Users/mayanktiwari/.m2/repository/log4j/log4j/1.2.14/log4j-1.2.14.jar:/Users/mayanktiwari/.m2/repository/asm/asm/3.3.1/asm-3.3.1.jar:/Users/mayanktiwari/.m2/repository/commons-collections/commons-collections/3.2.1/commons-collections-3.2.1.jar:/Users/mayanktiwari/.m2/repository/org/fluentlenium/fluentlenium-core/0.10.2/fluentlenium-core-0.10.2.jar:/Users/mayanktiwari/.m2/repository/com/jhlabs/filters/2.0.235/filters-2.0.235.jar:/Users/mayanktiwari/.m2/repository/org/asciidoctor/asciidoctor-java-integration/0.1.3/asciidoctor-java-integration-0.1.3.jar:/Users/mayanktiwari/.m2/repository/org/jruby/jruby-complete/1.7.4/jruby-complete-1.7.4.jar:/Users/mayanktiwari/.m2/repository/org/hibernate/hibernate-validator/5.1.1.Final/hibernate-validator-5.1.1.Final.jar:/Users/mayanktiwari/.m2/repository/javax/validation/validation-api/1.1.0.Final/validation-api-1.1.0.Final.jar:/Users/mayanktiwari/.m2/repository/org/jboss/logging/jboss-logging/3.1.3.GA/jboss-logging-3.1.3.GA.jar:/Users/mayanktiwari/.m2/repository/com/fasterxml/classmate/1.0.0/classmate-1.0.0.jar:/Users/mayanktiwari/.m2/repository/javax/el/javax.el-api/2.2.4/javax.el-api-2.2.4.jar:/Users/mayanktiwari/.m2/repository/org/glassfish/web/javax.el/2.2.4/javax.el-2.2.4.jar:/Users/mayanktiwari/.m2/repository/com/google/inject/guice/3.0/guice-3.0.jar:/Users/mayanktiwari/.m2/repository/com/aventstack/extentreports/5.0.9/extentreports-5.0.9.jar:/Users/mayanktiwari/.m2/repository/io/reactivex/rxjava3/rxjava/3.0.4/rxjava-3.0.4.jar:/Users/mayanktiwari/.m2/repository/org/reactivestreams/reactive-streams/1.0.3/reactive-streams-1.0.3.jar:/Users/mayanktiwari/.m2/repository/org/projectlombok/lombok/1.18.12/lombok-1.18.12.jar:/Users/mayanktiwari/.m2/repository/tech/grasshopper/extentreports-cucumber6-adapter/2.9.0/extentreports-cucumber6-adapter-2.9.0.jar:/Users/mayanktiwari/.m2/repository/tech/grasshopper/extent-pdf-report/1.7.4/extent-pdf-report-1.7.4.jar:/Users/mayanktiwari/.m2/repository/tech/grasshopper/cucumber-pdf-report/2.2.4/cucumber-pdf-report-2.2.4.jar:/Users/mayanktiwari/.m2/repository/org/apache/pdfbox/pdfbox/2.0.22/pdfbox-2.0.22.jar:/Users/mayanktiwari/.m2/repository/org/apache/pdfbox/fontbox/2.0.22/fontbox-2.0.22.jar:/Users/mayanktiwari/.m2/repository/org/knowm/xchart/xchart/3.8.0/xchart-3.8.0.jar:/Users/mayanktiwari/.m2/repository/de/erichseifert/vectorgraphics2d/VectorGraphics2D/0.13/VectorGraphics2D-0.13.jar:/Users/mayanktiwari/.m2/repository/de/rototor/pdfbox/graphics2d/0.30/graphics2d-0.30.jar:/Users/mayanktiwari/.m2/repository/com/madgag/animated-gif-lib/1.4/animated-gif-lib-1.4.jar:/Users/mayanktiwari/.m2/repository/tech/grasshopper/table-layout/1.2.0/table-layout-1.2.0.jar:/Users/mayanktiwari/.m2/repository/org/jsoup/jsoup/1.13.1/jsoup-1.13.1.jar:/Users/mayanktiwari/.m2/repository/com/aventstack/klov-reporter/5.0.9/klov-reporter-5.0.9.jar:/Users/mayanktiwari/.m2/repository/org/mongodb/bson/3.6.4/bson-3.6.4.jar:/Users/mayanktiwari/.m2/repository/tech/grasshopper/htmlextentreporter/1.0.0/htmlextentreporter-1.0.0.jar:/Users/mayanktiwari/.m2/repository/org/mongodb/mongodb-driver/3.3.0/mongodb-driver-3.3.0.jar:/Users/mayanktiwari/.m2/repository/org/mongodb/mongodb-driver-core/3.3.0/mongodb-driver-core-3.3.0.jar:/Users/mayanktiwari/.m2/repository/org/freemarker/freemarker/2.3.30/freemarker-2.3.30.jar:"/>
    <property name="sun.awt.enableExtraMouseButtons" value="true"/>
    <property name="java.vm.vendor" value="Oracle Corporation"/>
    <property name="sun.arch.data.model" value="64"/>
    <property name="sun.font.fontmanager" value="sun.font.CFontManager"/>
    <property name="java.vendor.url" value="http://java.oracle.com/"/>
    <property name="user.timezone" value="Europe/Amsterdam"/>
    <property name="java.vm.specification.version" value="1.8"/>
    <property name="os.name" value="Mac OS X"/>
    <property name="user.country" value="IN"/>
    <property name="sun.java.launcher" value="SUN_STANDARD"/>
    <property name="sun.boot.library.path" value="/Library/Java/JavaVirtualMachines/jdk1.8.0_231.jdk/Contents/Home/jre/lib"/>
    <property name="sun.java.command" value="/Users/mayanktiwari/Documents/sprite-cloud/target/surefire/surefirebooter2747612889345741015.jar /Users/mayanktiwari/Documents/sprite-cloud/target/surefire 2023-07-22T15-41-09_484-jvmRun1 surefire4487700042929093057tmp surefire_03016321477032975063tmp"/>
    <property name="http.nonProxyHosts" value="local|*.local|169.254/16|*.169.254/16"/>
    <property name="test" value="cucumber.Options.TestRunnerUI"/>
    <property name="surefire.test.class.path" value="/Users/mayanktiwari/Documents/sprite-cloud/target/test-classes:/Users/mayanktiwari/Documents/sprite-cloud/target/classes:/Users/mayanktiwari/.m2/repository/org/junit/vintage/junit-vintage-engine/5.9.1/junit-vintage-engine-5.9.1.jar:/Users/mayanktiwari/.m2/repository/org/junit/platform/junit-platform-engine/1.9.1/junit-platform-engine-1.9.1.jar:/Users/mayanktiwari/.m2/repository/junit/junit/4.13.2/junit-4.13.2.jar:/Users/mayanktiwari/.m2/repository/org/apiguardian/apiguardian-api/1.1.2/apiguardian-api-1.1.2.jar:/Users/mayanktiwari/.m2/repository/org/junit/jupiter/junit-jupiter-api/5.8.2/junit-jupiter-api-5.8.2.jar:/Users/mayanktiwari/.m2/repository/org/opentest4j/opentest4j/1.2.0/opentest4j-1.2.0.jar:/Users/mayanktiwari/.m2/repository/org/junit/platform/junit-platform-commons/1.8.2/junit-platform-commons-1.8.2.jar:/Users/mayanktiwari/.m2/repository/org/junit/jupiter/junit-jupiter-engine/5.8.2/junit-jupiter-engine-5.8.2.jar:/Users/mayanktiwari/.m2/repository/io/cucumber/cucumber-java/6.9.1/cucumber-java-6.9.1.jar:/Users/mayanktiwari/.m2/repository/io/cucumber/cucumber-core/6.9.1/cucumber-core-6.9.1.jar:/Users/mayanktiwari/.m2/repository/io/cucumber/cucumber-gherkin/6.9.1/cucumber-gherkin-6.9.1.jar:/Users/mayanktiwari/.m2/repository/io/cucumber/cucumber-gherkin-messages/6.9.1/cucumber-gherkin-messages-6.9.1.jar:/Users/mayanktiwari/.m2/repository/io/cucumber/messages/13.2.1/messages-13.2.1.jar:/Users/mayanktiwari/.m2/repository/io/cucumber/tag-expressions/3.0.0/tag-expressions-3.0.0.jar:/Users/mayanktiwari/.m2/repository/io/cucumber/cucumber-expressions/10.3.0/cucumber-expressions-10.3.0.jar:/Users/mayanktiwari/.m2/repository/io/cucumber/datatable/3.5.0/datatable-3.5.0.jar:/Users/mayanktiwari/.m2/repository/io/cucumber/cucumber-plugin/6.9.1/cucumber-plugin-6.9.1.jar:/Users/mayanktiwari/.m2/repository/io/cucumber/docstring/6.9.1/docstring-6.9.1.jar:/Users/mayanktiwari/.m2/repository/io/cucumber/html-formatter/9.0.0/html-formatter-9.0.0.jar:/Users/mayanktiwari/.m2/repository/io/cucumber/create-meta/2.0.4/create-meta-2.0.4.jar:/Users/mayanktiwari/.m2/repository/io/cucumber/cucumber-junit/6.9.1/cucumber-junit-6.9.1.jar:/Users/mayanktiwari/.m2/repository/io/rest-assured/rest-assured/4.5.1/rest-assured-4.5.1.jar:/Users/mayanktiwari/.m2/repository/org/codehaus/groovy/groovy/3.0.9/groovy-3.0.9.jar:/Users/mayanktiwari/.m2/repository/org/codehaus/groovy/groovy-xml/3.0.9/groovy-xml-3.0.9.jar:/Users/mayanktiwari/.m2/repository/org/apache/httpcomponents/httpclient/4.5.13/httpclient-4.5.13.jar:/Users/mayanktiwari/.m2/repository/org/apache/httpcomponents/httpmime/4.5.13/httpmime-4.5.13.jar:/Users/mayanktiwari/.m2/repository/org/hamcrest/hamcrest/2.1/hamcrest-2.1.jar:/Users/mayanktiwari/.m2/repository/org/ccil/cowan/tagsoup/tagsoup/1.2.1/tagsoup-1.2.1.jar:/Users/mayanktiwari/.m2/repository/io/rest-assured/xml-path/4.5.1/xml-path-4.5.1.jar:/Users/mayanktiwari/.m2/repository/io/rest-assured/json-path/4.5.0/json-path-4.5.0.jar:/Users/mayanktiwari/.m2/repository/org/codehaus/groovy/groovy-json/3.0.9/groovy-json-3.0.9.jar:/Users/mayanktiwari/.m2/repository/io/rest-assured/rest-assured-common/4.5.0/rest-assured-common-4.5.0.jar:/Users/mayanktiwari/.m2/repository/org/json/json/20220924/json-20220924.jar:/Users/mayanktiwari/.m2/repository/com/google/code/gson/gson/2.10/gson-2.10.jar:/Users/mayanktiwari/.m2/repository/org/testng/testng/7.1.0/testng-7.1.0.jar:/Users/mayanktiwari/.m2/repository/com/beust/jcommander/1.72/jcommander-1.72.jar:/Users/mayanktiwari/.m2/repository/com/google/inject/guice/4.1.0/guice-4.1.0-no_aop.jar:/Users/mayanktiwari/.m2/repository/javax/inject/javax.inject/1/javax.inject-1.jar:/Users/mayanktiwari/.m2/repository/aopalliance/aopalliance/1.0/aopalliance-1.0.jar:/Users/mayanktiwari/.m2/repository/org/yaml/snakeyaml/1.21/snakeyaml-1.21.jar:/Users/mayanktiwari/.m2/repository/com/fasterxml/jackson/core/jackson-annotations/2.15.2/jackson-annotations-2.15.2.jar:/Users/mayanktiwari/.m2/repository/org/seleniumhq/selenium/selenium-java/3.5.3/selenium-java-3.5.3.jar:/Users/mayanktiwari/.m2/repository/org/seleniumhq/selenium/selenium-api/3.5.3/selenium-api-3.5.3.jar:/Users/mayanktiwari/.m2/repository/org/seleniumhq/selenium/selenium-chrome-driver/3.5.3/selenium-chrome-driver-3.5.3.jar:/Users/mayanktiwari/.m2/repository/org/seleniumhq/selenium/selenium-edge-driver/3.5.3/selenium-edge-driver-3.5.3.jar:/Users/mayanktiwari/.m2/repository/org/seleniumhq/selenium/selenium-firefox-driver/3.5.3/selenium-firefox-driver-3.5.3.jar:/Users/mayanktiwari/.m2/repository/org/seleniumhq/selenium/selenium-ie-driver/3.5.3/selenium-ie-driver-3.5.3.jar:/Users/mayanktiwari/.m2/repository/org/seleniumhq/selenium/selenium-opera-driver/3.5.3/selenium-opera-driver-3.5.3.jar:/Users/mayanktiwari/.m2/repository/org/seleniumhq/selenium/selenium-remote-driver/3.5.3/selenium-remote-driver-3.5.3.jar:/Users/mayanktiwari/.m2/repository/org/seleniumhq/selenium/selenium-safari-driver/3.5.3/selenium-safari-driver-3.5.3.jar:/Users/mayanktiwari/.m2/repository/org/seleniumhq/selenium/selenium-support/3.5.3/selenium-support-3.5.3.jar:/Users/mayanktiwari/.m2/repository/cglib/cglib-nodep/3.2.4/cglib-nodep-3.2.4.jar:/Users/mayanktiwari/.m2/repository/org/apache/commons/commons-exec/1.3/commons-exec-1.3.jar:/Users/mayanktiwari/.m2/repository/org/apache/commons/commons-lang3/3.5/commons-lang3-3.5.jar:/Users/mayanktiwari/.m2/repository/commons-codec/commons-codec/1.10/commons-codec-1.10.jar:/Users/mayanktiwari/.m2/repository/commons-io/commons-io/2.5/commons-io-2.5.jar:/Users/mayanktiwari/.m2/repository/commons-logging/commons-logging/1.2/commons-logging-1.2.jar:/Users/mayanktiwari/.m2/repository/org/w3c/css/sac/1.3/sac-1.3.jar:/Users/mayanktiwari/.m2/repository/net/sourceforge/cssparser/cssparser/0.9.23/cssparser-0.9.23.jar:/Users/mayanktiwari/.m2/repository/com/google/guava/guava/23.0/guava-23.0.jar:/Users/mayanktiwari/.m2/repository/com/google/code/findbugs/jsr305/1.3.9/jsr305-1.3.9.jar:/Users/mayanktiwari/.m2/repository/com/google/errorprone/error_prone_annotations/2.0.18/error_prone_annotations-2.0.18.jar:/Users/mayanktiwari/.m2/repository/com/google/j2objc/j2objc-annotations/1.1/j2objc-annotations-1.1.jar:/Users/mayanktiwari/.m2/repository/org/codehaus/mojo/animal-sniffer-annotations/1.14/animal-sniffer-annotations-1.14.jar:/Users/mayanktiwari/.m2/repository/org/hamcrest/hamcrest-core/1.3/hamcrest-core-1.3.jar:/Users/mayanktiwari/.m2/repository/net/sourceforge/htmlunit/htmlunit/2.27/htmlunit-2.27.jar:/Users/mayanktiwari/.m2/repository/net/sourceforge/htmlunit/htmlunit-core-js/2.27/htmlunit-core-js-2.27.jar:/Users/mayanktiwari/.m2/repository/net/sourceforge/htmlunit/neko-htmlunit/2.27/neko-htmlunit-2.27.jar:/Users/mayanktiwari/.m2/repository/org/apache/httpcomponents/httpcore/4.4.6/httpcore-4.4.6.jar:/Users/mayanktiwari/.m2/repository/org/eclipse/jetty/jetty-client/9.4.5.v20170502/jetty-client-9.4.5.v20170502.jar:/Users/mayanktiwari/.m2/repository/org/eclipse/jetty/jetty-http/9.4.5.v20170502/jetty-http-9.4.5.v20170502.jar:/Users/mayanktiwari/.m2/repository/org/eclipse/jetty/jetty-io/9.4.5.v20170502/jetty-io-9.4.5.v20170502.jar:/Users/mayanktiwari/.m2/repository/org/eclipse/jetty/jetty-util/9.4.5.v20170502/jetty-util-9.4.5.v20170502.jar:/Users/mayanktiwari/.m2/repository/net/java/dev/jna/jna/4.1.0/jna-4.1.0.jar:/Users/mayanktiwari/.m2/repository/net/java/dev/jna/jna-platform/4.1.0/jna-platform-4.1.0.jar:/Users/mayanktiwari/.m2/repository/com/codeborne/phantomjsdriver/1.4.0/phantomjsdriver-1.4.0.jar:/Users/mayanktiwari/.m2/repository/org/seleniumhq/selenium/htmlunit-driver/2.27/htmlunit-driver-2.27.jar:/Users/mayanktiwari/.m2/repository/javax/servlet/javax.servlet-api/3.1.0/javax.servlet-api-3.1.0.jar:/Users/mayanktiwari/.m2/repository/org/eclipse/jetty/websocket/websocket-api/9.4.5.v20170502/websocket-api-9.4.5.v20170502.jar:/Users/mayanktiwari/.m2/repository/org/eclipse/jetty/websocket/websocket-client/9.4.5.v20170502/websocket-client-9.4.5.v20170502.jar:/Users/mayanktiwari/.m2/repository/org/eclipse/jetty/websocket/websocket-common/9.4.5.v20170502/websocket-common-9.4.5.v20170502.jar:/Users/mayanktiwari/.m2/repository/xalan/serializer/2.7.2/serializer-2.7.2.jar:/Users/mayanktiwari/.m2/repository/xalan/xalan/2.7.2/xalan-2.7.2.jar:/Users/mayanktiwari/.m2/repository/xerces/xercesImpl/2.11.0/xercesImpl-2.11.0.jar:/Users/mayanktiwari/.m2/repository/xml-apis/xml-apis/1.4.01/xml-apis-1.4.01.jar:/Users/mayanktiwari/.m2/repository/io/github/bonigarcia/webdrivermanager/5.1.0/webdrivermanager-5.1.0.jar:/Users/mayanktiwari/.m2/repository/org/slf4j/slf4j-api/1.7.36/slf4j-api-1.7.36.jar:/Users/mayanktiwari/.m2/repository/com/github/docker-java/docker-java/3.2.13/docker-java-3.2.13.jar:/Users/mayanktiwari/.m2/repository/com/github/docker-java/docker-java-core/3.2.13/docker-java-core-3.2.13.jar:/Users/mayanktiwari/.m2/repository/com/github/docker-java/docker-java-api/3.2.13/docker-java-api-3.2.13.jar:/Users/mayanktiwari/.m2/repository/org/apache/commons/commons-compress/1.21/commons-compress-1.21.jar:/Users/mayanktiwari/.m2/repository/org/slf4j/jcl-over-slf4j/1.7.30/jcl-over-slf4j-1.7.30.jar:/Users/mayanktiwari/.m2/repository/com/github/docker-java/docker-java-transport-httpclient5/3.2.13/docker-java-transport-httpclient5-3.2.13.jar:/Users/mayanktiwari/.m2/repository/com/github/docker-java/docker-java-transport/3.2.13/docker-java-transport-3.2.13.jar:/Users/mayanktiwari/.m2/repository/org/apache/httpcomponents/client5/httpclient5/5.0.3/httpclient5-5.0.3.jar:/Users/mayanktiwari/.m2/repository/org/apache/httpcomponents/core5/httpcore5/5.0.2/httpcore5-5.0.2.jar:/Users/mayanktiwari/.m2/repository/org/brotli/dec/0.1.2/dec-0.1.2.jar:/Users/mayanktiwari/.m2/repository/jline/jline/2.11/jline-2.11.jar:/Users/mayanktiwari/.m2/repository/net/thucydides/thucydides-core/0.9.275/thucydides-core-0.9.275.jar:/Users/mayanktiwari/.m2/repository/com/fasterxml/jackson/core/jackson-core/2.4.3/jackson-core-2.4.3.jar:/Users/mayanktiwari/.m2/repository/com/fasterxml/jackson/core/jackson-databind/2.4.3/jackson-databind-2.4.3.jar:/Users/mayanktiwari/.m2/repository/com/fasterxml/jackson/datatype/jackson-datatype-joda/2.4.3/jackson-datatype-joda-2.4.3.jar:/Users/mayanktiwari/.m2/repository/com/fasterxml/jackson/datatype/jackson-datatype-guava/2.4.3/jackson-datatype-guava-2.4.3.jar:/Users/mayanktiwari/.m2/repository/cglib/cglib/2.2.2/cglib-2.2.2.jar:/Users/mayanktiwari/.m2/repository/com/opera/operadriver/1.4/operadriver-1.4.jar:/Users/mayanktiwari/.m2/repository/com/opera/operalaunchers/1.1/operalaunchers-1.1.jar:/Users/mayanktiwari/.m2/repository/com/google/protobuf/protobuf-java/2.4.1/protobuf-java-2.4.1.jar:/Users/mayanktiwari/.m2/repository/commons-jxpath/commons-jxpath/1.3/commons-jxpath-1.3.jar:/Users/mayanktiwari/.m2/repository/org/ini4j/ini4j/0.5.2/ini4j-0.5.2.jar:/Users/mayanktiwari/.m2/repository/org/seleniumhq/selenium/selenium-server/2.43.1/selenium-server-2.43.1.jar:/Users/mayanktiwari/.m2/repository/org/bouncycastle/bcprov-jdk15on/1.48/bcprov-jdk15on-1.48.jar:/Users/mayanktiwari/.m2/repository/org/bouncycastle/bcpkix-jdk15on/1.48/bcpkix-jdk15on-1.48.jar:/Users/mayanktiwari/.m2/repository/mx4j/mx4j-tools/3.0.1/mx4j-tools-3.0.1.jar:/Users/mayanktiwari/.m2/repository/org/mortbay/jetty/servlet-api-2.5/6.1.9/servlet-api-2.5-6.1.9.jar:/Users/mayanktiwari/.m2/repository/org/seleniumhq/selenium/jetty-repacked/7.6.1/jetty-repacked-7.6.1.jar:/Users/mayanktiwari/.m2/repository/org/seleniumhq/selenium/jetty-rc-repacked/5/jetty-rc-repacked-5.jar:/Users/mayanktiwari/.m2/repository/net/jcip/jcip-annotations/1.0/jcip-annotations-1.0.jar:/Users/mayanktiwari/.m2/repository/com/github/detro/ghostdriver/phantomjsdriver/1.1.0/phantomjsdriver-1.1.0.jar:/Users/mayanktiwari/.m2/repository/org/hamcrest/hamcrest-integration/1.3/hamcrest-integration-1.3.jar:/Users/mayanktiwari/.m2/repository/org/hamcrest/hamcrest-library/1.3/hamcrest-library-1.3.jar:/Users/mayanktiwari/.m2/repository/net/sf/opencsv/opencsv/2.0/opencsv-2.0.jar:/Users/mayanktiwari/.m2/repository/commons-beanutils/commons-beanutils-core/1.8.3/commons-beanutils-core-1.8.3.jar:/Users/mayanktiwari/.m2/repository/com/googlecode/lambdaj/lambdaj/2.3.3/lambdaj-2.3.3.jar:/Users/mayanktiwari/.m2/repository/org/objenesis/objenesis/1.2/objenesis-1.2.jar:/Users/mayanktiwari/.m2/repository/joda-time/joda-time/2.0/joda-time-2.0.jar:/Users/mayanktiwari/.m2/repository/com/thoughtworks/xstream/xstream/1.4.1/xstream-1.4.1.jar:/Users/mayanktiwari/.m2/repository/xmlpull/xmlpull/1.1.3.1/xmlpull-1.1.3.1.jar:/Users/mayanktiwari/.m2/repository/xpp3/xpp3_min/1.1.4c/xpp3_min-1.1.4c.jar:/Users/mayanktiwari/.m2/repository/net/thucydides/thucydides-report-resources/0.9.275/thucydides-report-resources-0.9.275.jar:/Users/mayanktiwari/.m2/repository/net/sf/flexjson/flexjson/2.1/flexjson-2.1.jar:/Users/mayanktiwari/.m2/repository/net/sourceforge/jexcelapi/jxl/2.6.12/jxl-2.6.12.jar:/Users/mayanktiwari/.m2/repository/log4j/log4j/1.2.14/log4j-1.2.14.jar:/Users/mayanktiwari/.m2/repository/asm/asm/3.3.1/asm-3.3.1.jar:/Users/mayanktiwari/.m2/repository/commons-collections/commons-collections/3.2.1/commons-collections-3.2.1.jar:/Users/mayanktiwari/.m2/repository/org/fluentlenium/fluentlenium-core/0.10.2/fluentlenium-core-0.10.2.jar:/Users/mayanktiwari/.m2/repository/com/jhlabs/filters/2.0.235/filters-2.0.235.jar:/Users/mayanktiwari/.m2/repository/org/asciidoctor/asciidoctor-java-integration/0.1.3/asciidoctor-java-integration-0.1.3.jar:/Users/mayanktiwari/.m2/repository/org/jruby/jruby-complete/1.7.4/jruby-complete-1.7.4.jar:/Users/mayanktiwari/.m2/repository/org/hibernate/hibernate-validator/5.1.1.Final/hibernate-validator-5.1.1.Final.jar:/Users/mayanktiwari/.m2/repository/javax/validation/validation-api/1.1.0.Final/validation-api-1.1.0.Final.jar:/Users/mayanktiwari/.m2/repository/org/jboss/logging/jboss-logging/3.1.3.GA/jboss-logging-3.1.3.GA.jar:/Users/mayanktiwari/.m2/repository/com/fasterxml/classmate/1.0.0/classmate-1.0.0.jar:/Users/mayanktiwari/.m2/repository/javax/el/javax.el-api/2.2.4/javax.el-api-2.2.4.jar:/Users/mayanktiwari/.m2/repository/org/glassfish/web/javax.el/2.2.4/javax.el-2.2.4.jar:/Users/mayanktiwari/.m2/repository/com/google/inject/guice/3.0/guice-3.0.jar:/Users/mayanktiwari/.m2/repository/com/aventstack/extentreports/5.0.9/extentreports-5.0.9.jar:/Users/mayanktiwari/.m2/repository/io/reactivex/rxjava3/rxjava/3.0.4/rxjava-3.0.4.jar:/Users/mayanktiwari/.m2/repository/org/reactivestreams/reactive-streams/1.0.3/reactive-streams-1.0.3.jar:/Users/mayanktiwari/.m2/repository/org/projectlombok/lombok/1.18.12/lombok-1.18.12.jar:/Users/mayanktiwari/.m2/repository/tech/grasshopper/extentreports-cucumber6-adapter/2.9.0/extentreports-cucumber6-adapter-2.9.0.jar:/Users/mayanktiwari/.m2/repository/tech/grasshopper/extent-pdf-report/1.7.4/extent-pdf-report-1.7.4.jar:/Users/mayanktiwari/.m2/repository/tech/grasshopper/cucumber-pdf-report/2.2.4/cucumber-pdf-report-2.2.4.jar:/Users/mayanktiwari/.m2/repository/org/apache/pdfbox/pdfbox/2.0.22/pdfbox-2.0.22.jar:/Users/mayanktiwari/.m2/repository/org/apache/pdfbox/fontbox/2.0.22/fontbox-2.0.22.jar:/Users/mayanktiwari/.m2/repository/org/knowm/xchart/xchart/3.8.0/xchart-3.8.0.jar:/Users/mayanktiwari/.m2/repository/de/erichseifert/vectorgraphics2d/VectorGraphics2D/0.13/VectorGraphics2D-0.13.jar:/Users/mayanktiwari/.m2/repository/de/rototor/pdfbox/graphics2d/0.30/graphics2d-0.30.jar:/Users/mayanktiwari/.m2/repository/com/madgag/animated-gif-lib/1.4/animated-gif-lib-1.4.jar:/Users/mayanktiwari/.m2/repository/tech/grasshopper/table-layout/1.2.0/table-layout-1.2.0.jar:/Users/mayanktiwari/.m2/repository/org/jsoup/jsoup/1.13.1/jsoup-1.13.1.jar:/Users/mayanktiwari/.m2/repository/com/aventstack/klov-reporter/5.0.9/klov-reporter-5.0.9.jar:/Users/mayanktiwari/.m2/repository/org/mongodb/bson/3.6.4/bson-3.6.4.jar:/Users/mayanktiwari/.m2/repository/tech/grasshopper/htmlextentreporter/1.0.0/htmlextentreporter-1.0.0.jar:/Users/mayanktiwari/.m2/repository/org/mongodb/mongodb-driver/3.3.0/mongodb-driver-3.3.0.jar:/Users/mayanktiwari/.m2/repository/org/mongodb/mongodb-driver-core/3.3.0/mongodb-driver-core-3.3.0.jar:/Users/mayanktiwari/.m2/repository/org/freemarker/freemarker/2.3.30/freemarker-2.3.30.jar:"/>
    <property name="sun.cpu.endian" value="little"/>
    <property name="user.home" value="/Users/mayanktiwari"/>
    <property name="user.language" value="en"/>
    <property name="java.specification.vendor" value="Oracle Corporation"/>
    <property name="java.home" value="/Library/Java/JavaVirtualMachines/jdk1.8.0_231.jdk/Contents/Home/jre"/>
    <property name="basedir" value="/Users/mayanktiwari/Documents/sprite-cloud"/>
    <property name="file.separator" value="/"/>
    <property name="line.separator" value="&#10;"/>
    <property name="java.vm.specification.vendor" value="Oracle Corporation"/>
    <property name="java.specification.name" value="Java Platform API Specification"/>
    <property name="java.awt.graphicsenv" value="sun.awt.CGraphicsEnvironment"/>
    <property name="surefire.real.class.path" value="/Users/mayanktiwari/Documents/sprite-cloud/target/surefire/surefirebooter2747612889345741015.jar"/>
    <property name="sun.boot.class.path" value="/Library/Java/JavaVirtualMachines/jdk1.8.0_231.jdk/Contents/Home/jre/lib/resources.jar:/Library/Java/JavaVirtualMachines/jdk1.8.0_231.jdk/Contents/Home/jre/lib/rt.jar:/Library/Java/JavaVirtualMachines/jdk1.8.0_231.jdk/Contents/Home/jre/lib/sunrsasign.jar:/Library/Java/JavaVirtualMachines/jdk1.8.0_231.jdk/Contents/Home/jre/lib/jsse.jar:/Library/Java/JavaVirtualMachines/jdk1.8.0_231.jdk/Contents/Home/jre/lib/jce.jar:/Library/Java/JavaVirtualMachines/jdk1.8.0_231.jdk/Contents/Home/jre/lib/charsets.jar:/Library/Java/JavaVirtualMachines/jdk1.8.0_231.jdk/Contents/Home/jre/lib/jfr.jar:/Library/Java/JavaVirtualMachines/jdk1.8.0_231.jdk/Contents/Home/jre/classes"/>
    <property name="sun.management.compiler" value="HotSpot 64-Bit Tiered Compilers"/>
    <property name="ftp.nonProxyHosts" value="local|*.local|169.254/16|*.169.254/16"/>
    <property name="java.runtime.version" value="1.8.0_231-b11"/>
    <property name="user.name" value="mayanktiwari"/>
    <property name="path.separator" value=":"/>
    <property name="os.version" value="10.16"/>
    <property name="java.endorsed.dirs" value="/Library/Java/JavaVirtualMachines/jdk1.8.0_231.jdk/Contents/Home/jre/lib/endorsed"/>
    <property name="java.runtime.name" value="Java(TM) SE Runtime Environment"/>
    <property name="file.encoding" value="US-ASCII"/>
    <property name="java.vm.name" value="Java HotSpot(TM) 64-Bit Server VM"/>
    <property name="localRepository" value="/Users/mayanktiwari/.m2/repository"/>
    <property name="java.vendor.url.bug" value="http://bugreport.sun.com/bugreport/"/>
    <property name="java.io.tmpdir" value="/var/folders/7j/wr39f99x05n396c69njmlv0r0000gn/T/"/>
    <property name="java.version" value="1.8.0_231"/>
    <property name="user.dir" value="/Users/mayanktiwari/Documents/sprite-cloud"/>
    <property name="os.arch" value="x86_64"/>
    <property name="java.vm.specification.name" value="Java Virtual Machine Specification"/>
    <property name="java.awt.printerjob" value="sun.lwawt.macosx.CPrinterJob"/>
    <property name="sun.os.patch.level" value="unknown"/>
    <property name="java.library.path" value="/Users/mayanktiwari/Library/Java/Extensions:/Library/Java/Extensions:/Network/Library/Java/Extensions:/System/Library/Java/Extensions:/usr/lib/java:."/>
    <property name="java.vm.info" value="mixed mode"/>
    <property name="java.vendor" value="Oracle Corporation"/>
    <property name="java.vm.version" value="25.231-b11"/>
    <property name="java.ext.dirs" value="/Users/mayanktiwari/Library/Java/Extensions:/Library/Java/JavaVirtualMachines/jdk1.8.0_231.jdk/Contents/Home/jre/lib/ext:/Library/Java/Extensions:/Network/Library/Java/Extensions:/System/Library/Java/Extensions:/usr/lib/java"/>
    <property name="sun.io.unicode.encoding" value="UnicodeBig"/>
    <property name="java.class.version" value="52.0"/>
    <property name="socksNonProxyHosts" value="local|*.local|169.254/16|*.169.254/16"/>
  </properties>
  <testcase name="Verify the Chrome Process value in table matches with Yellow label Chrome CPU Value" classname="Verify DynamicTable functionality on UITestingPlayground" time="2.687">
    <system-out><![CDATA[
@table-02 @executeAfterStep
Scenario: Verify the Chrome Process value in table matches with Yellow label Chrome CPU Value # src/test/resources/feature/uiDynamicTable.feature:13
  Given Launch the application UITestingPlayground                                            # step.definitions.MyStepdefsUI.launchTheApplicationUITestingPlayground()

    Embedding image [image/png 162622 bytes]

  And User is on the "UI Test Automation" application home page                               # step.definitions.MyStepdefsUI.userIsOnTheApplicationHomePage(java.lang.String)

    Embedding image [image/png 162622 bytes]

  When User navigate to the Dynamic Table page                                                # step.definitions.MyStepdefsUI.userNavigateToTheDynamicTablePage()

    Embedding image [image/png 101423 bytes]

  Then User should able to get the value from the table for Chrome Process                    # step.definitions.MyStepdefsUI.userShouldAbleToGetTheValueFromTheTableForChromeProcess()

    Embedding image [image/png 101423 bytes]

  And User should be able to compare the value with Yellow label CPU load                     # step.definitions.MyStepdefsUI.userShouldBeAbleToCompareTheValueWithYellowLabelCPULoad()

    Embedding image [image/png 101423 bytes]

]]></system-out>
    <system-err><![CDATA[SLF4J: Failed to load class "org.slf4j.impl.StaticLoggerBinder".
SLF4J: Defaulting to no-operation (NOP) logger implementation
SLF4J: See http://www.slf4j.org/codes.html#StaticLoggerBinder for further details.
Starting ChromeDriver 114.0.5735.90 (386bc09e8f4f2e025eddae123f36f6263096ae49-refs/branch-heads/5735@{#1052}) on port 39038
Only local connections are allowed.
Please see https://chromedriver.chromium.org/security-considerations for suggestions on keeping ChromeDriver safe.
ChromeDriver was started successfully.
[1690033275.173][WARNING]: This version of ChromeDriver has not been tested with Chrome version 115.
Jul 22, 2023 3:41:15 PM org.openqa.selenium.remote.ProtocolHandshake createSession
INFO: Detected dialect: W3C
]]></system-err>
  </testcase>
</testsuite>